This is pdfTeX, Version 3.14159265-2.6-1.40.17 (MiKTeX 2.9.6100 64-bit) (preloaded format=pdflatex 2017.2.5)  1 APR 2017 19:09
entering extended mode
**./khalilvanalphen-5.tex
(khalilvanalphen-5.tex
LaTeX2e <2016/03/31> patch level 3
Babel <3.9r> and hyphenation patterns for 75 language(s) loaded.
("C:\Program Files\MiKTeX 2.9\tex\latex\base\article.cls"
Document Class: article 2014/09/29 v1.4h Standard LaTeX document class
("C:\Program Files\MiKTeX 2.9\tex\latex\base\size10.clo"
File: size10.clo 2014/09/29 v1.4h Standard LaTeX file (size option)
)
\c@part=\count79
\c@section=\count80
\c@subsection=\count81
\c@subsubsection=\count82
\c@paragraph=\count83
\c@subparagraph=\count84
\c@figure=\count85
\c@table=\count86
\abovecaptionskip=\skip41
\belowcaptionskip=\skip42
\bibindent=\dimen102
)
("C:\Program Files\MiKTeX 2.9\tex\latex\graphics\graphicx.sty"
Package: graphicx 2014/10/28 v1.0g Enhanced LaTeX Graphics (DPC,SPQR)

("C:\Program Files\MiKTeX 2.9\tex\latex\graphics\keyval.sty"
Package: keyval 2014/10/28 v1.15 key=value parser (DPC)
\KV@toks@=\toks14
)
("C:\Program Files\MiKTeX 2.9\tex\latex\graphics\graphics.sty"
Package: graphics 2016/07/10 v1.0t Standard LaTeX Graphics (DPC,SPQR)

("C:\Program Files\MiKTeX 2.9\tex\latex\graphics\trig.sty"
Package: trig 2016/01/03 v1.10 sin cos tan (DPC)
)
("C:\Program Files\MiKTeX 2.9\tex\latex\graphics-cfg\graphics.cfg"
File: graphics.cfg 2016/06/04 v1.11 sample graphics configuration
)
Package graphics Info: Driver file: pdftex.def on input line 99.

("C:\Program Files\MiKTeX 2.9\tex\latex\graphics-def\pdftex.def"
File: pdftex.def 2016/07/10 v0.06j Graphics/color for pdfTeX

("C:\Program Files\MiKTeX 2.9\tex\generic\oberdiek\infwarerr.sty"
Package: infwarerr 2016/05/16 v1.4 Providing info/warning/error messages (HO)
)
("C:\Program Files\MiKTeX 2.9\tex\generic\oberdiek\ltxcmds.sty"
Package: ltxcmds 2016/05/16 v1.23 LaTeX kernel commands for general use (HO)
)
\Gread@gobject=\count87
))
\Gin@req@height=\dimen103
\Gin@req@width=\dimen104
)
("C:\Program Files\MiKTeX 2.9\tex\latex\tools\enumerate.sty"
Package: enumerate 2015/07/23 v3.00 enumerate extensions (DPC)
\@enLab=\toks15
)

LaTeX Warning: Unused global option(s):
    [fullpage].

(khalilvanalphen-5.aux)
\openout1 = `khalilvanalphen-5.aux'.

LaTeX Font Info:    Checking defaults for OML/cmm/m/it on input line 10.
LaTeX Font Info:    ... okay on input line 10.
LaTeX Font Info:    Checking defaults for T1/cmr/m/n on input line 10.
LaTeX Font Info:    ... okay on input line 10.
LaTeX Font Info:    Checking defaults for OT1/cmr/m/n on input line 10.
LaTeX Font Info:    ... okay on input line 10.
LaTeX Font Info:    Checking defaults for OMS/cmsy/m/n on input line 10.
LaTeX Font Info:    ... okay on input line 10.
LaTeX Font Info:    Checking defaults for OMX/cmex/m/n on input line 10.
LaTeX Font Info:    ... okay on input line 10.
LaTeX Font Info:    Checking defaults for U/cmr/m/n on input line 10.
LaTeX Font Info:    ... okay on input line 10.

("C:\Program Files\MiKTeX 2.9\tex\context\base\supp-pdf.mkii"
[Loading MPS to PDF converter (version 2006.09.02).]
\scratchcounter=\count88
\scratchdimen=\dimen105
\scratchbox=\box26
\nofMPsegments=\count89
\nofMParguments=\count90
\everyMPshowfont=\toks16
\MPscratchCnt=\count91
\MPscratchDim=\dimen106
\MPnumerator=\count92
\makeMPintoPDFobject=\count93
\everyMPtoPDFconversion=\toks17
) ("C:\Program Files\MiKTeX 2.9\tex\generic\oberdiek\pdftexcmds.sty"
Package: pdftexcmds 2016/05/21 v0.22 Utility functions of pdfTeX for LuaTeX (HO
)

("C:\Program Files\MiKTeX 2.9\tex\generic\oberdiek\ifluatex.sty"
Package: ifluatex 2016/05/16 v1.4 Provides the ifluatex switch (HO)
Package ifluatex Info: LuaTeX not detected.
)
("C:\Program Files\MiKTeX 2.9\tex\generic\oberdiek\ifpdf.sty"
Package: ifpdf 2016/05/14 v3.1 Provides the ifpdf switch
)
Package pdftexcmds Info: LuaTeX not detected.
Package pdftexcmds Info: \pdf@primitive is available.
Package pdftexcmds Info: \pdf@ifprimitive is available.
Package pdftexcmds Info: \pdfdraftmode found.
)
("C:\Program Files\MiKTeX 2.9\tex\latex\oberdiek\epstopdf-base.sty"
Package: epstopdf-base 2016/05/15 v2.6 Base part for package epstopdf

("C:\Program Files\MiKTeX 2.9\tex\latex\oberdiek\grfext.sty"
Package: grfext 2016/05/16 v1.2 Manage graphics extensions (HO)

("C:\Program Files\MiKTeX 2.9\tex\generic\oberdiek\kvdefinekeys.sty"
Package: kvdefinekeys 2016/05/16 v1.4 Define keys (HO)
))
("C:\Program Files\MiKTeX 2.9\tex\latex\oberdiek\kvoptions.sty"
Package: kvoptions 2016/05/16 v3.12 Key value format for package options (HO)

("C:\Program Files\MiKTeX 2.9\tex\generic\oberdiek\kvsetkeys.sty"
Package: kvsetkeys 2016/05/16 v1.17 Key value parser (HO)

("C:\Program Files\MiKTeX 2.9\tex\generic\oberdiek\etexcmds.sty"
Package: etexcmds 2016/05/16 v1.6 Avoid name clashes with e-TeX commands (HO)
Package etexcmds Info: Could not find \expanded.
(etexcmds)             That can mean that you are not using pdfTeX 1.50 or
(etexcmds)             that some package has redefined \expanded.
(etexcmds)             In the latter case, load this package earlier.
)))
Package epstopdf-base Info: Redefining graphics rule for `.eps' on input line 4
38.
Package grfext Info: Graphics extension search list:
(grfext)             [.png,.pdf,.jpg,.mps,.jpeg,.jbig2,.jb2,.PNG,.PDF,.JPG,.JPE
G,.JBIG2,.JB2,.eps]
(grfext)             \AppendGraphicsExtensions on input line 456.
)
LaTeX Font Info:    External font `cmex10' loaded for size
(Font)              <12> on input line 11.
LaTeX Font Info:    External font `cmex10' loaded for size
(Font)              <8> on input line 11.
LaTeX Font Info:    External font `cmex10' loaded for size
(Font)              <6> on input line 11.
LaTeX Font Info:    External font `cmex10' loaded for size
(Font)              <7> on input line 16.
LaTeX Font Info:    External font `cmex10' loaded for size
(Font)              <5> on input line 16.

Underfull \hbox (badness 10000) in paragraph at lines 15--18

 []

LaTeX Font Info:    Try loading font information for OMS+cmr on input line 21.
("C:\Program Files\MiKTeX 2.9\tex\latex\base\omscmr.fd"
File: omscmr.fd 2014/09/29 v2.5h Standard LaTeX font definitions
)
LaTeX Font Info:    Font shape `OMS/cmr/m/n' in size <10> not available
(Font)              Font shape `OMS/cmsy/m/n' tried instead on input line 21.

Underfull \hbox (badness 10000) in paragraph at lines 39--40

 []

[1

{C:/ProgramData/MiKTeX/2.9/pdftex/config/pdftex.map}] [2]
Underfull \hbox (badness 10000) in paragraph at lines 97--99

 []


Overfull \hbox (6.74693pt too wide) in paragraph at lines 148--148
[]   \OT1/cmtt/m/n/10 Call: (8) flength(~(atom(a)^v(atom(b), atom(c))), _5660) 
? creep[] 
 []

[3] [4]
Overfull \hbox (11.99689pt too wide) in paragraph at lines 203--203
[]   \OT1/cmtt/m/n/10 Exit: (8) lvar(~(atom(a)^v(atom(b), atom(c))), [a, b, c])
 ? creep[] 
 []

Missing character: There is no Ô in font cmtt10!
Missing character: There is no € in font cmtt10!
[5]
! Undefined control sequence.
<recently read> \nit 
                     
l.208 ..., should be represented by the term $\nit
                                                  {cons(b,cons(d,cons(e,cons...
The control sequence at the end of the top line
of your error message was never \def'ed. If you have
misspelled it (e.g., `\hobx'), type `I' and the correct
spelling (e.g., `I\hbox'). Otherwise just continue,
and I'll forget about whatever was undefined.

! Undefined control sequence.
l.208 ...cons(e,cons(h,nil))))}$, and ${list}(\nit
                                                  {cons(b,cons(d,cons(e,}{co...
The control sequence at the end of the top line
of your error message was never \def'ed. If you have
misspelled it (e.g., `\hobx'), type `I' and the correct
spelling (e.g., `I\hbox'). Otherwise just continue,
and I'll forget about whatever was undefined.

! Undefined control sequence.
<recently read> \nit 
                     
l.208 ... be true. Use Prolog to verify that $\nit
                                                  {cons(b,cons(d,}{cons(e,co...
The control sequence at the end of the top line
of your error message was never \def'ed. If you have
misspelled it (e.g., `\hobx'), type `I' and the correct
spelling (e.g., `I\hbox'). Otherwise just continue,
and I'll forget about whatever was undefined.

! Undefined control sequence.
<recently read> \nit 
                     
l.208 ...cons(h,nil))))}$ is a list, but not $\nit
                                                  {cons(b,cons(d,e),cons(h,n...
The control sequence at the end of the top line
of your error message was never \def'ed. If you have
misspelled it (e.g., `\hobx'), type `I' and the correct
spelling (e.g., `I\hbox'). Otherwise just continue,
and I'll forget about whatever was undefined.

! Undefined control sequence.
<recently read> \nit 
                     
l.209 Define a binary predicate $\nit
                                     {sublist}(\cdot,\cdot)$, such  that $\n...
The control sequence at the end of the top line
of your error message was never \def'ed. If you have
misspelled it (e.g., `\hobx'), type `I' and the correct
spelling (e.g., `I\hbox'). Otherwise just continue,
and I'll forget about whatever was undefined.

! Undefined control sequence.
<recently read> \nit 
                     
l.209 ...{sublist}(\cdot,\cdot)$, such  that $\nit
                                                  {sublist}(L_1,L_2)$ become...
The control sequence at the end of the top line
of your error message was never \def'ed. If you have
misspelled it (e.g., `\hobx'), type `I' and the correct
spelling (e.g., `I\hbox'). Otherwise just continue,
and I'll forget about whatever was undefined.

! Undefined control sequence.
<recently read> \nit 
                     
l.211 ... the length of a list. It should be $\nit
                                                  {length}(efabde,6)$ true. ...
The control sequence at the end of the top line
of your error message was never \def'ed. If you have
misspelled it (e.g., `\hobx'), type `I' and the correct
spelling (e.g., `I\hbox'). Otherwise just continue,
and I'll forget about whatever was undefined.


Overfull \hbox (55.02672pt too wide) in paragraph at lines 208--213
\OT1/cmr/m/n/10 el-e-ment $\OML/cmm/m/it/10 b$ \OT1/cmr/m/n/10 and last $\OML/c
mm/m/it/10 h$\OT1/cmr/m/n/10 , should be rep-re-sented by the term $[]$,
 []


Overfull \hbox (76.16528pt too wide) in paragraph at lines 208--213
\OT1/cmr/m/n/10 ver-ify that $[][]$ is a list, but not $[]$. 
 []


Underfull \hbox (badness 10000) in paragraph at lines 208--213

 []


Underfull \hbox (badness 10000) in paragraph at lines 208--213

 []


Underfull \hbox (badness 10000) in paragraph at lines 208--213

 []


Overfull \hbox (1.49698pt too wide) in paragraph at lines 254--254
[]   \OT1/cmtt/m/n/10 Call: (8) list(cons(b, cons(c, cons(d, cons(h, nil))))) ?
 creep[] 
 []


Overfull \hbox (1.49698pt too wide) in paragraph at lines 254--254
[]   \OT1/cmtt/m/n/10 Exit: (8) list(cons(b, cons(c, cons(d, cons(h, nil))))) ?
 creep[] 
 []

[6]
Overfull \hbox (13.93669pt too wide) in paragraph at lines 264--265
[]  $\OML/cmm/m/it/10 sublist\OT1/cmr/m/n/10 (\OML/cmm/m/it/10 cons\OT1/cmr/m/n
/10 (4\OML/cmm/m/it/10 ; cons\OT1/cmr/m/n/10 (5\OML/cmm/m/it/10 ; nil\OT1/cmr/m
/n/10 ))\OML/cmm/m/it/10 ; cons\OT1/cmr/m/n/10 (1\OML/cmm/m/it/10 ; cons\OT1/cm
r/m/n/10 (2\OML/cmm/m/it/10 ; cons\OT1/cmr/m/n/10 (3\OML/cmm/m/it/10 ; cons\OT1
/cmr/m/n/10 (4\OML/cmm/m/it/10 ; cons\OT1/cmr/m/n/10 (5\OML/cmm/m/it/10 ; nil\O
T1/cmr/m/n/10 ))))))\OML/cmm/m/it/10 :$ 
 []


Overfull \hbox (22.4968pt too wide) in paragraph at lines 331--331
[]\OT1/cmtt/m/n/10 [trace]  ?- sublist(cons(1,cons(2,nil)), cons(1,cons(2,cons(
3,nil)))).[] 
 []


Overfull \hbox (90.7462pt too wide) in paragraph at lines 331--331
[]   \OT1/cmtt/m/n/10 Call: (8) sublist(cons(1, cons(2, nil)), cons(1, cons(2, 
cons(3, nil)))) ? creep[] 
 []


Overfull \hbox (1.49698pt too wide) in paragraph at lines 331--331
[]   \OT1/cmtt/m/n/10 Call: (9) suffix(_5884, cons(1, cons(2, cons(3, nil)))) ?
 creep[] 
 []


Overfull \hbox (64.49643pt too wide) in paragraph at lines 331--331
[]   \OT1/cmtt/m/n/10 Call: (10) consAppend(_5884, _5886, cons(1, cons(2, cons(
3, nil)))) ? creep[] 
 []


Overfull \hbox (185.24538pt too wide) in paragraph at lines 331--331
[]   \OT1/cmtt/m/n/10 Exit: (10) consAppend(nil, cons(1, cons(2, cons(3, nil)))
, cons(1, cons(2, cons(3, nil)))) ? creep[] 
 []


Overfull \hbox (132.74583pt too wide) in paragraph at lines 331--331
[]   \OT1/cmtt/m/n/10 Exit: (9) suffix(cons(1, cons(2, cons(3, nil))), cons(1, 
cons(2, cons(3, nil)))) ? creep[] 
 []


Overfull \hbox (85.49625pt too wide) in paragraph at lines 331--331
[]   \OT1/cmtt/m/n/10 Call: (9) prefix(cons(1, cons(2, nil)), cons(1, cons(2, c
ons(3, nil)))) ? creep[] 
 []


Overfull \hbox (148.4957pt too wide) in paragraph at lines 331--331
[]   \OT1/cmtt/m/n/10 Call: (10) consAppend(cons(1, cons(2, nil)), _5886, cons(
1, cons(2, cons(3, nil)))) ? creep[] 
 []


Overfull \hbox (53.99652pt too wide) in paragraph at lines 331--331
[]   \OT1/cmtt/m/n/10 Call: (11) consAppend(cons(2, nil), _5886, cons(2, cons(3
, nil))) ? creep[] 
 []


Overfull \hbox (90.7462pt too wide) in paragraph at lines 331--331
[]   \OT1/cmtt/m/n/10 Exit: (11) consAppend(cons(2, nil), cons(3, nil), cons(2,
 cons(3, nil))) ? creep[] 
 []


Overfull \hbox (185.24538pt too wide) in paragraph at lines 331--331
[]   \OT1/cmtt/m/n/10 Exit: (10) consAppend(cons(1, cons(2, nil)), cons(3, nil)
, cons(1, cons(2, cons(3, nil)))) ? creep[] 
 []


Overfull \hbox (85.49625pt too wide) in paragraph at lines 331--331
[]   \OT1/cmtt/m/n/10 Exit: (9) prefix(cons(1, cons(2, nil)), cons(1, cons(2, c
ons(3, nil)))) ? creep[] 
 []


Overfull \hbox (90.7462pt too wide) in paragraph at lines 331--331
[]   \OT1/cmtt/m/n/10 Exit: (8) sublist(cons(1, cons(2, nil)), cons(1, cons(2, 
cons(3, nil)))) ? creep[] 
 []


Overfull \hbox (101.24611pt too wide) in paragraph at lines 331--331
[]\OT1/cmtt/m/n/10 [trace]  ?- sublist(cons(4,cons(5,nil)),cons(1,cons(2,cons(3
,cons(4,cons(5,nil)))))).[] 
 []


Overfull \hbox (185.24538pt too wide) in paragraph at lines 331--331
[]   \OT1/cmtt/m/n/10 Call: (8) sublist(cons(4, cons(5, nil)), cons(1, cons(2, 
cons(3, cons(4, cons(5, nil)))))) ? creep[] 
 []

[7]
Overfull \hbox (95.99615pt too wide) in paragraph at lines 331--331
[]   \OT1/cmtt/m/n/10 Call: (9) suffix(_5926, cons(1, cons(2, cons(3, cons(4, c
ons(5, nil)))))) ? creep[] 
 []


Overfull \hbox (158.9956pt too wide) in paragraph at lines 331--331
[]   \OT1/cmtt/m/n/10 Call: (10) consAppend(_5926, _5928, cons(1, cons(2, cons(
3, cons(4, cons(5, nil)))))) ? creep[] 
 []


Overfull \hbox (374.24373pt too wide) in paragraph at lines 331--331
[]   \OT1/cmtt/m/n/10 Exit: (10) consAppend(nil, cons(1, cons(2, cons(3, cons(4
, cons(5, nil))))), cons(1, cons(2, cons(3, cons(4, cons(5, nil)))))) ? creep[]
 
 []


Overfull \hbox (321.74419pt too wide) in paragraph at lines 331--331
[]   \OT1/cmtt/m/n/10 Exit: (9) suffix(cons(1, cons(2, cons(3, cons(4, cons(5, 
nil))))), cons(1, cons(2, cons(3, cons(4, cons(5, nil)))))) ? creep[] 
 []


Overfull \hbox (179.99542pt too wide) in paragraph at lines 331--331
[]   \OT1/cmtt/m/n/10 Call: (9) prefix(cons(4, cons(5, nil)), cons(1, cons(2, c
ons(3, cons(4, cons(5, nil)))))) ? creep[] 
 []


Overfull \hbox (242.99487pt too wide) in paragraph at lines 331--331
[]   \OT1/cmtt/m/n/10 Call: (10) consAppend(cons(4, cons(5, nil)), _5928, cons(
1, cons(2, cons(3, cons(4, cons(5, nil)))))) ? creep[] 
 []


Overfull \hbox (242.99487pt too wide) in paragraph at lines 331--331
[]   \OT1/cmtt/m/n/10 Fail: (10) consAppend(cons(4, cons(5, nil)), _5928, cons(
1, cons(2, cons(3, cons(4, cons(5, nil)))))) ? creep[] 
 []


Overfull \hbox (179.99542pt too wide) in paragraph at lines 331--331
[]   \OT1/cmtt/m/n/10 Fail: (9) prefix(cons(4, cons(5, nil)), cons(1, cons(2, c
ons(3, cons(4, cons(5, nil)))))) ? creep[] 
 []


Overfull \hbox (158.9956pt too wide) in paragraph at lines 331--331
[]   \OT1/cmtt/m/n/10 Redo: (10) consAppend(_5926, _5928, cons(1, cons(2, cons(
3, cons(4, cons(5, nil)))))) ? creep[] 
 []


Overfull \hbox (111.74602pt too wide) in paragraph at lines 331--331
[]   \OT1/cmtt/m/n/10 Call: (11) consAppend(_5914, _5934, cons(2, cons(3, cons(
4, cons(5, nil))))) ? creep[] 
 []


Overfull \hbox (279.74455pt too wide) in paragraph at lines 331--331
[]   \OT1/cmtt/m/n/10 Exit: (11) consAppend(nil, cons(2, cons(3, cons(4, cons(5
, nil)))), cons(2, cons(3, cons(4, cons(5, nil))))) ? creep[] 
 []


Overfull \hbox (374.24373pt too wide) in paragraph at lines 331--331
[]   \OT1/cmtt/m/n/10 Exit: (10) consAppend(cons(1, nil), cons(2, cons(3, cons(
4, cons(5, nil)))), cons(1, cons(2, cons(3, cons(4, cons(5, nil)))))) ? creep[]
 
 []


Overfull \hbox (274.4946pt too wide) in paragraph at lines 331--331
[]   \OT1/cmtt/m/n/10 Exit: (9) suffix(cons(2, cons(3, cons(4, cons(5, nil)))),
 cons(1, cons(2, cons(3, cons(4, cons(5, nil)))))) ? creep[] 
 []


Overfull \hbox (132.74583pt too wide) in paragraph at lines 331--331
[]   \OT1/cmtt/m/n/10 Call: (9) prefix(cons(4, cons(5, nil)), cons(2, cons(3, c
ons(4, cons(5, nil))))) ? creep[] 
 []


Overfull \hbox (195.74529pt too wide) in paragraph at lines 331--331
[]   \OT1/cmtt/m/n/10 Call: (10) consAppend(cons(4, cons(5, nil)), _5934, cons(
2, cons(3, cons(4, cons(5, nil))))) ? creep[] 
 []


Overfull \hbox (195.74529pt too wide) in paragraph at lines 331--331
[]   \OT1/cmtt/m/n/10 Fail: (10) consAppend(cons(4, cons(5, nil)), _5934, cons(
2, cons(3, cons(4, cons(5, nil))))) ? creep[] 
 []


Overfull \hbox (132.74583pt too wide) in paragraph at lines 331--331
[]   \OT1/cmtt/m/n/10 Fail: (9) prefix(cons(4, cons(5, nil)), cons(2, cons(3, c
ons(4, cons(5, nil))))) ? creep[] 
 []


Overfull \hbox (111.74602pt too wide) in paragraph at lines 331--331
[]   \OT1/cmtt/m/n/10 Redo: (11) consAppend(_5914, _5934, cons(2, cons(3, cons(
4, cons(5, nil))))) ? creep[] 
 []


Overfull \hbox (64.49643pt too wide) in paragraph at lines 331--331
[]   \OT1/cmtt/m/n/10 Call: (12) consAppend(_5920, _5940, cons(3, cons(4, cons(
5, nil)))) ? creep[] 
 []


Overfull \hbox (185.24538pt too wide) in paragraph at lines 331--331
[]   \OT1/cmtt/m/n/10 Exit: (12) consAppend(nil, cons(3, cons(4, cons(5, nil)))
, cons(3, cons(4, cons(5, nil)))) ? creep[] 
 []


Overfull \hbox (279.74455pt too wide) in paragraph at lines 331--331
[]   \OT1/cmtt/m/n/10 Exit: (11) consAppend(cons(2, nil), cons(3, cons(4, cons(
5, nil))), cons(2, cons(3, cons(4, cons(5, nil))))) ? creep[] 
 []


Overfull \hbox (374.24373pt too wide) in paragraph at lines 331--331
[]   \OT1/cmtt/m/n/10 Exit: (10) consAppend(cons(1, cons(2, nil)), cons(3, cons
(4, cons(5, nil))), cons(1, cons(2, cons(3, cons(4, cons(5, nil)))))) ? creep[]
 
 []


Overfull \hbox (227.24501pt too wide) in paragraph at lines 331--331
[]   \OT1/cmtt/m/n/10 Exit: (9) suffix(cons(3, cons(4, cons(5, nil))), cons(1, 
cons(2, cons(3, cons(4, cons(5, nil)))))) ? creep[] 
 []


Overfull \hbox (85.49625pt too wide) in paragraph at lines 331--331
[]   \OT1/cmtt/m/n/10 Call: (9) prefix(cons(4, cons(5, nil)), cons(3, cons(4, c
ons(5, nil)))) ? creep[] 
 []


Overfull \hbox (148.4957pt too wide) in paragraph at lines 331--331
[]   \OT1/cmtt/m/n/10 Call: (10) consAppend(cons(4, cons(5, nil)), _5940, cons(
3, cons(4, cons(5, nil)))) ? creep[] 
 []


Overfull \hbox (148.4957pt too wide) in paragraph at lines 331--331
[]   \OT1/cmtt/m/n/10 Fail: (10) consAppend(cons(4, cons(5, nil)), _5940, cons(
3, cons(4, cons(5, nil)))) ? creep[] 
 []


Overfull \hbox (85.49625pt too wide) in paragraph at lines 331--331
[]   \OT1/cmtt/m/n/10 Fail: (9) prefix(cons(4, cons(5, nil)), cons(3, cons(4, c
ons(5, nil)))) ? creep[] 
 []


Overfull \hbox (64.49643pt too wide) in paragraph at lines 331--331
[]   \OT1/cmtt/m/n/10 Redo: (12) consAppend(_5920, _5940, cons(3, cons(4, cons(
5, nil)))) ? creep[] 
 []


Overfull \hbox (17.24684pt too wide) in paragraph at lines 331--331
[]   \OT1/cmtt/m/n/10 Call: (13) consAppend(_5926, _5946, cons(4, cons(5, nil))
) ? creep[] 
 []


Overfull \hbox (90.7462pt too wide) in paragraph at lines 331--331
[]   \OT1/cmtt/m/n/10 Exit: (13) consAppend(nil, cons(4, cons(5, nil)), cons(4,
 cons(5, nil))) ? creep[] 
 []


Overfull \hbox (185.24538pt too wide) in paragraph at lines 331--331
[]   \OT1/cmtt/m/n/10 Exit: (12) consAppend(cons(3, nil), cons(4, cons(5, nil))
, cons(3, cons(4, cons(5, nil)))) ? creep[] 
 []


Overfull \hbox (279.74455pt too wide) in paragraph at lines 331--331
[]   \OT1/cmtt/m/n/10 Exit: (11) consAppend(cons(2, cons(3, nil)), cons(4, cons
(5, nil)), cons(2, cons(3, cons(4, cons(5, nil))))) ? creep[] 
 []


Overfull \hbox (374.24373pt too wide) in paragraph at lines 331--331
[]   \OT1/cmtt/m/n/10 Exit: (10) consAppend(cons(1, cons(2, cons(3, nil))), con
s(4, cons(5, nil)), cons(1, cons(2, cons(3, cons(4, cons(5, nil)))))) ? creep[]
 
 []


Overfull \hbox (179.99542pt too wide) in paragraph at lines 331--331
[]   \OT1/cmtt/m/n/10 Exit: (9) suffix(cons(4, cons(5, nil)), cons(1, cons(2, c
ons(3, cons(4, cons(5, nil)))))) ? creep[] 
 []


Overfull \hbox (38.24666pt too wide) in paragraph at lines 331--331
[]   \OT1/cmtt/m/n/10 Call: (9) prefix(cons(4, cons(5, nil)), cons(4, cons(5, n
il))) ? creep[] 
 []


Overfull \hbox (101.24611pt too wide) in paragraph at lines 331--331
[]   \OT1/cmtt/m/n/10 Call: (10) consAppend(cons(4, cons(5, nil)), _5946, cons(
4, cons(5, nil))) ? creep[] 
 []


Overfull \hbox (6.74693pt too wide) in paragraph at lines 331--331
[]   \OT1/cmtt/m/n/10 Call: (11) consAppend(cons(5, nil), _5946, cons(5, nil)) 
? creep[] 
 []


Overfull \hbox (90.7462pt too wide) in paragraph at lines 331--331
[]   \OT1/cmtt/m/n/10 Exit: (10) consAppend(cons(4, cons(5, nil)), nil, cons(4,
 cons(5, nil))) ? creep[] 
 []


Overfull \hbox (38.24666pt too wide) in paragraph at lines 331--331
[]   \OT1/cmtt/m/n/10 Exit: (9) prefix(cons(4, cons(5, nil)), cons(4, cons(5, n
il))) ? creep[] 
 []


Overfull \hbox (185.24538pt too wide) in paragraph at lines 331--331
[]   \OT1/cmtt/m/n/10 Exit: (8) sublist(cons(4, cons(5, nil)), cons(1, cons(2, 
cons(3, cons(4, cons(5, nil)))))) ? creep[] 
 []

[8]
Overfull \hbox (38.24666pt too wide) in paragraph at lines 381--381
[]   \OT1/cmtt/m/n/10 Call: (8) lilength(cons(1, cons(2, cons(3, cons(4, nil)))
), 4) ? creep[] 
 []


Overfull \hbox (11.99689pt too wide) in paragraph at lines 381--381
[]   \OT1/cmtt/m/n/10 Call: (9) lilength(cons(2, cons(3, cons(4, nil))), _6308)
 ? creep[] 
 []


Overfull \hbox (38.24666pt too wide) in paragraph at lines 381--381
[]   \OT1/cmtt/m/n/10 Exit: (8) lilength(cons(1, cons(2, cons(3, cons(4, nil)))
), 4) ? creep[] 
 []


Overfull \hbox (27.74675pt too wide) in paragraph at lines 381--381
[]\OT1/cmtt/m/n/10 [trace]  ?- lilength(cons(4,cons(5,cons(5,cons(4,(cons(3,nil
)))))), 5).[] 
 []


Overfull \hbox (85.49625pt too wide) in paragraph at lines 381--381
[]   \OT1/cmtt/m/n/10 Call: (8) lilength(cons(4, cons(5, cons(5, cons(4, cons(3
, nil))))), 5) ? creep[] 
 []


Overfull \hbox (59.24648pt too wide) in paragraph at lines 381--381
[]   \OT1/cmtt/m/n/10 Call: (9) lilength(cons(5, cons(5, cons(4, cons(3, nil)))
), _6374) ? creep[] 
 []


Overfull \hbox (17.24684pt too wide) in paragraph at lines 381--381
[]   \OT1/cmtt/m/n/10 Call: (10) lilength(cons(5, cons(4, cons(3, nil))), _6374
) ? creep[] 
 []


Overfull \hbox (38.24666pt too wide) in paragraph at lines 381--381
[]   \OT1/cmtt/m/n/10 Exit: (9) lilength(cons(5, cons(5, cons(4, cons(3, nil)))
), 4) ? creep[] 
 []


Overfull \hbox (85.49625pt too wide) in paragraph at lines 381--381
[]   \OT1/cmtt/m/n/10 Exit: (8) lilength(cons(4, cons(5, cons(5, cons(4, cons(3
, nil))))), 5) ? creep[] 
 []

[9] [10] [11] (khalilvanalphen-5.aux) ) 
Here is how much of TeX's memory you used:
 1528 strings out of 493333
 21707 string characters out of 3139192
 86774 words of memory out of 3000000
 5062 multiletter control sequences out of 15000+200000
 7804 words of font info for 28 fonts, out of 3000000 for 9000
 1141 hyphenation exceptions out of 8191
 40i,6n,25p,540b,239s stack positions out of 5000i,500n,10000p,200000b,50000s
<C:/Program Files/MiKTeX 2.9/fonts/type1
/public/amsfonts/cm/cmbx10.pfb><C:/Program Files/MiKTeX 2.9/fonts/type1/public/
amsfonts/cm/cmbx12.pfb><C:/Program Files/MiKTeX 2.9/fonts/type1/public/amsfonts
/cm/cmmi10.pfb><C:/Program Files/MiKTeX 2.9/fonts/type1/public/amsfonts/cm/cmmi
7.pfb><C:/Program Files/MiKTeX 2.9/fonts/type1/public/amsfonts/cm/cmr10.pfb><C:
/Program Files/MiKTeX 2.9/fonts/type1/public/amsfonts/cm/cmr12.pfb><C:/Program 
Files/MiKTeX 2.9/fonts/type1/public/amsfonts/cm/cmr7.pfb><C:/Program Files/MiKT
eX 2.9/fonts/type1/public/amsfonts/cm/cmsy10.pfb><C:/Program Files/MiKTeX 2.9/f
onts/type1/public/amsfonts/cm/cmtt10.pfb>
Output written on khalilvanalphen-5.pdf (11 pages, 135938 bytes).
PDF statistics:
 74 PDF objects out of 1000 (max. 8388607)
 0 named destinations out of 1000 (max. 500000)
 1 words of extra memory for PDF output out of 10000 (max. 10000000)

